<?xml version="1.0" encoding="UTF-8"?>
<testng-results ignored="0" total="1" passed="1" failed="0" skipped="0">
  <reporter-output>
  </reporter-output>
  <suite started-at="2023-02-24T15:34:40 IST" name="Default suite" finished-at="2023-02-24T15:35:09 IST" duration-ms="29765">
    <groups>
    </groups>
    <test started-at="2023-02-24T15:34:40 IST" name="Default test" finished-at="2023-02-24T15:35:09 IST" duration-ms="29765">
      <class name="baseTest.DemoWebShop">
        <test-method is-config="true" signature="setUp()[pri:0, instance:baseTest.DemoWebShop@17f62e33]" started-at="2023-02-24T15:34:40 IST" name="setUp" finished-at="2023-02-24T15:34:42 IST" duration-ms="2753" status="PASS">
          <reporter-output>
          </reporter-output>
        </test-method> <!-- setUp -->
        <test-method signature="placeOrder()[pri:0, instance:baseTest.DemoWebShop@17f62e33]" started-at="2023-02-24T15:34:42 IST" name="placeOrder" finished-at="2023-02-24T15:35:09 IST" duration-ms="26639" status="PASS">
          <reporter-output>
          </reporter-output>
        </test-method> <!-- placeOrder -->
        <test-method is-config="true" signature="tearDown()[pri:0, instance:baseTest.DemoWebShop@17f62e33]" started-at="2023-02-24T15:35:09 IST" name="tearDown" finished-at="2023-02-24T15:35:09 IST" duration-ms="335" status="PASS">
          <reporter-output>
          </reporter-output>
        </test-method> <!-- tearDown -->
      </class> <!-- baseTest.DemoWebShop -->
    </test> <!-- Default test -->
  </suite> <!-- Default suite -->
</testng-results>
